<?xml version="1.0" encoding="UTF-8"?>
<testsuite name="ChatterboxTest" tests="3" skipped="0" failures="0" errors="0" timestamp="2019-01-31T13:10:03" hostname="Makiss.localdomain" time="0.005">
  <properties/>
  <testcase name="acceptsHasBeenCalled" classname="ChatterboxTest" time="0.004"/>
  <testcase name="acceptsASocket" classname="ChatterboxTest" time="0.0"/>
  <testcase name="sendsAMessageBack" classname="ChatterboxTest" time="0.0"/>
  <system-out><![CDATA[]]></system-out>
  <system-err><![CDATA[]]></system-err>
</testsuite>
